2026-04-18 03:47:16.429 [main] INFO  com.mm.KafkaConsumerApplication - Starting KafkaConsumerApplication using Java 20 with PID 11484 (C:\Users\shubh\IdeaProjects\kafka-learning\kafka-consumer\target\classes started by shubh in C:\Users\shubh\IdeaProjects\kafka-learning)
2026-04-18 03:47:16.432 [main] INFO  com.mm.KafkaConsumerApplication - No active profile set, falling back to 1 default profile: "default"
2026-04-18 03:47:17.809 [main] INFO  o.s.b.w.e.tomcat.TomcatWebServer - Tomcat initialized with port 8081 (http)
2026-04-18 03:47:17.822 [main] INFO  o.a.coyote.http11.Http11NioProtocol - Initializing ProtocolHandler ["http-nio-8081"]
2026-04-18 03:47:17.826 [main] INFO  o.a.catalina.core.StandardService - Starting service [Tomcat]
2026-04-18 03:47:17.826 [main] INFO  o.a.catalina.core.StandardEngine - Starting Servlet engine: [Apache Tomcat/10.1.16]
2026-04-18 03:47:17.909 [main] INFO  o.a.c.c.C.[Tomcat].[localhost].[/] - Initializing Spring embedded WebApplicationContext
2026-04-18 03:47:17.910 [main] INFO  o.s.b.w.s.c.ServletWebServerApplicationContext - Root WebApplicationContext: initialization completed in 1413 ms
2026-04-18 03:47:18.629 [main] INFO  o.a.coyote.http11.Http11NioProtocol - Starting ProtocolHandler ["http-nio-8081"]
2026-04-18 03:47:18.658 [main] INFO  o.s.b.w.e.tomcat.TomcatWebServer - Tomcat started on port 8081 (http) with context path ''
2026-04-18 03:47:18.961 [main] INFO  com.mm.KafkaConsumerApplication - Started KafkaConsumerApplication in 3.442 seconds (process running for 4.054)
2026-04-18 03:47:22.581 [org.springframework.kafka.KafkaListenerEndpointContainer#0-0-C-1] INFO  o.s.k.l.KafkaMessageListenerContainer - kafka-consumer-group: partitions assigned: [mayur-test-0, mayur-test-1, mayur-test-2]
2026-04-18 03:47:22.639 [org.springframework.kafka.KafkaListenerEndpointContainer#0-0-C-1] INFO  c.mm.listener.KafkaConsumerListener - ✓ Message received: hey
2026-04-18 03:47:22.641 [org.springframework.kafka.KafkaListenerEndpointContainer#0-0-C-1] INFO  c.mm.listener.KafkaConsumerListener - ✓ Message received: new comsumer with group
2026-04-18 03:47:22.641 [org.springframework.kafka.KafkaListenerEndpointContainer#0-0-C-1] INFO  c.mm.listener.KafkaConsumerListener - ✓ Message received: I hope you are receiving these messages
2026-04-18 03:47:22.641 [org.springframework.kafka.KafkaListenerEndpointContainer#0-0-C-1] INFO  c.mm.listener.KafkaConsumerListener - ✓ Message received: hello
2026-04-18 03:47:22.641 [org.springframework.kafka.KafkaListenerEndpointContainer#0-0-C-1] INFO  c.mm.listener.KafkaConsumerListener - ✓ Message received: mayur 
2026-04-18 03:47:22.641 [org.springframework.kafka.KafkaListenerEndpointContainer#0-0-C-1] INFO  c.mm.listener.KafkaConsumerListener - ✓ Message received: here
2026-04-18 03:47:22.642 [org.springframework.kafka.KafkaListenerEndpointContainer#0-0-C-1] INFO  c.mm.listener.KafkaConsumerListener - ✓ Message received: how
2026-04-18 03:47:22.642 [org.springframework.kafka.KafkaListenerEndpointContainer#0-0-C-1] INFO  c.mm.listener.KafkaConsumerListener - ✓ Message received: are
2026-04-18 03:47:22.642 [org.springframework.kafka.KafkaListenerEndpointContainer#0-0-C-1] INFO  c.mm.listener.KafkaConsumerListener - ✓ Message received: you
2026-04-18 03:47:22.642 [org.springframework.kafka.KafkaListenerEndpointContainer#0-0-C-1] INFO  c.mm.listener.KafkaConsumerListener - ✓ Message received: hope  you are doing well
2026-04-18 03:47:22.642 [org.springframework.kafka.KafkaListenerEndpointContainer#0-0-C-1] INFO  c.mm.listener.KafkaConsumerListener - ✓ Message received: welcome to kafka learning tutorial
2026-04-18 03:47:22.642 [org.springframework.kafka.KafkaListenerEndpointContainer#0-0-C-1] INFO  c.mm.listener.KafkaConsumerListener - ✓ Message received: Hello Mayur this side
2026-04-18 03:47:22.642 [org.springframework.kafka.KafkaListenerEndpointContainer#0-0-C-1] INFO  c.mm.listener.KafkaConsumerListener - ✓ Message received: I am very happy
2026-04-18 03:48:05.054 [org.springframework.kafka.KafkaListenerEndpointContainer#0-0-C-1] INFO  c.mm.listener.KafkaConsumerListener - ✓ Message received: I am glad you are receiving messages
2026-04-18 03:51:33.682 [org.springframework.kafka.KafkaListenerEndpointContainer#0-0-C-1] INFO  o.s.k.l.KafkaMessageListenerContainer - kafka-consumer-group: partitions revoked: [mayur-test-0, mayur-test-1, mayur-test-2]
2026-04-18 03:51:34.109 [org.springframework.kafka.KafkaListenerEndpointContainer#0-0-C-1] INFO  o.s.k.l.KafkaMessageListenerContainer - kafka-consumer-group: Consumer stopped
2026-04-18 03:51:42.490 [main] INFO  com.mm.KafkaConsumerApplication - Starting KafkaConsumerApplication using Java 20 with PID 14500 (C:\Users\shubh\IdeaProjects\kafka-learning\kafka-consumer\target\classes started by shubh in C:\Users\shubh\IdeaProjects\kafka-learning)
2026-04-18 03:51:42.492 [main] INFO  com.mm.KafkaConsumerApplication - No active profile set, falling back to 1 default profile: "default"
2026-04-18 03:51:43.824 [main] INFO  o.s.b.w.e.tomcat.TomcatWebServer - Tomcat initialized with port 8081 (http)
2026-04-18 03:51:43.836 [main] INFO  o.a.coyote.http11.Http11NioProtocol - Initializing ProtocolHandler ["http-nio-8081"]
2026-04-18 03:51:43.842 [main] INFO  o.a.catalina.core.StandardService - Starting service [Tomcat]
2026-04-18 03:51:43.843 [main] INFO  o.a.catalina.core.StandardEngine - Starting Servlet engine: [Apache Tomcat/10.1.16]
2026-04-18 03:51:43.924 [main] INFO  o.a.c.c.C.[Tomcat].[localhost].[/] - Initializing Spring embedded WebApplicationContext
2026-04-18 03:51:43.925 [main] INFO  o.s.b.w.s.c.ServletWebServerApplicationContext - Root WebApplicationContext: initialization completed in 1367 ms
2026-04-18 03:51:44.613 [main] INFO  o.a.coyote.http11.Http11NioProtocol - Starting ProtocolHandler ["http-nio-8081"]
2026-04-18 03:51:44.638 [main] INFO  o.s.b.w.e.tomcat.TomcatWebServer - Tomcat started on port 8081 (http) with context path ''
2026-04-18 03:51:44.962 [main] INFO  com.mm.KafkaConsumerApplication - Started KafkaConsumerApplication in 3.251 seconds (process running for 3.694)
2026-04-18 03:51:48.522 [org.springframework.kafka.KafkaListenerEndpointContainer#1-0-C-1] INFO  o.s.k.l.KafkaMessageListenerContainer - kafka-secondary-consumer-group: partitions assigned: [mayur-test-0, mayur-test-1, mayur-test-2]
2026-04-18 03:51:48.542 [org.springframework.kafka.KafkaListenerEndpointContainer#0-0-C-1] INFO  o.s.k.l.KafkaMessageListenerContainer - kafka-consumer-group: partitions assigned: [mayur-test-0, mayur-test-1, mayur-test-2]
2026-04-18 03:51:48.577 [org.springframework.kafka.KafkaListenerEndpointContainer#1-0-C-1] INFO  c.m.l.KafkaSecondaryConsumerListener - ✓ [SECONDARY] Message received: hey
2026-04-18 03:51:48.579 [org.springframework.kafka.KafkaListenerEndpointContainer#1-0-C-1] INFO  c.m.l.KafkaSecondaryConsumerListener - ✓ [SECONDARY] Message received: new comsumer with group
2026-04-18 03:51:48.579 [org.springframework.kafka.KafkaListenerEndpointContainer#1-0-C-1] INFO  c.m.l.KafkaSecondaryConsumerListener - ✓ [SECONDARY] Message received: I hope you are receiving these messages
2026-04-18 03:51:48.579 [org.springframework.kafka.KafkaListenerEndpointContainer#1-0-C-1] INFO  c.m.l.KafkaSecondaryConsumerListener - ✓ [SECONDARY] Message received: hello
2026-04-18 03:51:48.580 [org.springframework.kafka.KafkaListenerEndpointContainer#1-0-C-1] INFO  c.m.l.KafkaSecondaryConsumerListener - ✓ [SECONDARY] Message received: mayur 
2026-04-18 03:51:48.580 [org.springframework.kafka.KafkaListenerEndpointContainer#1-0-C-1] INFO  c.m.l.KafkaSecondaryConsumerListener - ✓ [SECONDARY] Message received: here
2026-04-18 03:51:48.580 [org.springframework.kafka.KafkaListenerEndpointContainer#1-0-C-1] INFO  c.m.l.KafkaSecondaryConsumerListener - ✓ [SECONDARY] Message received: how
2026-04-18 03:51:48.580 [org.springframework.kafka.KafkaListenerEndpointContainer#1-0-C-1] INFO  c.m.l.KafkaSecondaryConsumerListener - ✓ [SECONDARY] Message received: are
2026-04-18 03:51:48.580 [org.springframework.kafka.KafkaListenerEndpointContainer#1-0-C-1] INFO  c.m.l.KafkaSecondaryConsumerListener - ✓ [SECONDARY] Message received: you
2026-04-18 03:51:48.580 [org.springframework.kafka.KafkaListenerEndpointContainer#1-0-C-1] INFO  c.m.l.KafkaSecondaryConsumerListener - ✓ [SECONDARY] Message received: hope  you are doing well
2026-04-18 03:51:48.581 [org.springframework.kafka.KafkaListenerEndpointContainer#1-0-C-1] INFO  c.m.l.KafkaSecondaryConsumerListener - ✓ [SECONDARY] Message received: welcome to kafka learning tutorial
2026-04-18 03:51:48.581 [org.springframework.kafka.KafkaListenerEndpointContainer#1-0-C-1] INFO  c.m.l.KafkaSecondaryConsumerListener - ✓ [SECONDARY] Message received: Hello Mayur this side
2026-04-18 03:51:48.581 [org.springframework.kafka.KafkaListenerEndpointContainer#1-0-C-1] INFO  c.m.l.KafkaSecondaryConsumerListener - ✓ [SECONDARY] Message received: I am very happy
2026-04-18 03:51:48.581 [org.springframework.kafka.KafkaListenerEndpointContainer#1-0-C-1] INFO  c.m.l.KafkaSecondaryConsumerListener - ✓ [SECONDARY] Message received: I am glad you are receiving messages
2026-04-18 03:53:42.521 [org.springframework.kafka.KafkaListenerEndpointContainer#0-0-C-1] INFO  o.s.k.l.KafkaMessageListenerContainer - kafka-consumer-group: partitions revoked: [mayur-test-0, mayur-test-1, mayur-test-2]
2026-04-18 03:53:42.521 [org.springframework.kafka.KafkaListenerEndpointContainer#1-0-C-1] INFO  o.s.k.l.KafkaMessageListenerContainer - kafka-secondary-consumer-group: partitions revoked: [mayur-test-0, mayur-test-1, mayur-test-2]
2026-04-18 03:53:42.870 [org.springframework.kafka.KafkaListenerEndpointContainer#1-0-C-1] INFO  o.s.k.l.KafkaMessageListenerContainer - kafka-secondary-consumer-group: Consumer stopped
2026-04-18 03:53:42.870 [org.springframework.kafka.KafkaListenerEndpointContainer#0-0-C-1] INFO  o.s.k.l.KafkaMessageListenerContainer - kafka-consumer-group: Consumer stopped
2026-04-18 03:53:48.946 [main] INFO  com.mm.KafkaConsumerApplication - Starting KafkaConsumerApplication using Java 20 with PID 23192 (C:\Users\shubh\IdeaProjects\kafka-learning\kafka-consumer\target\classes started by shubh in C:\Users\shubh\IdeaProjects\kafka-learning)
2026-04-18 03:53:48.949 [main] INFO  com.mm.KafkaConsumerApplication - No active profile set, falling back to 1 default profile: "default"
2026-04-18 03:53:50.249 [main] INFO  o.s.b.w.e.tomcat.TomcatWebServer - Tomcat initialized with port 8081 (http)
2026-04-18 03:53:50.261 [main] INFO  o.a.coyote.http11.Http11NioProtocol - Initializing ProtocolHandler ["http-nio-8081"]
2026-04-18 03:53:50.266 [main] INFO  o.a.catalina.core.StandardService - Starting service [Tomcat]
2026-04-18 03:53:50.266 [main] INFO  o.a.catalina.core.StandardEngine - Starting Servlet engine: [Apache Tomcat/10.1.16]
2026-04-18 03:53:50.352 [main] INFO  o.a.c.c.C.[Tomcat].[localhost].[/] - Initializing Spring embedded WebApplicationContext
2026-04-18 03:53:50.354 [main] INFO  o.s.b.w.s.c.ServletWebServerApplicationContext - Root WebApplicationContext: initialization completed in 1335 ms
2026-04-18 03:53:51.049 [main] INFO  o.a.coyote.http11.Http11NioProtocol - Starting ProtocolHandler ["http-nio-8081"]
2026-04-18 03:53:51.078 [main] INFO  o.s.b.w.e.tomcat.TomcatWebServer - Tomcat started on port 8081 (http) with context path ''
2026-04-18 03:53:51.439 [main] INFO  com.mm.KafkaConsumerApplication - Started KafkaConsumerApplication in 3.247 seconds (process running for 3.704)
2026-04-18 03:53:54.890 [org.springframework.kafka.KafkaListenerEndpointContainer#1-0-C-1] INFO  o.s.k.l.KafkaMessageListenerContainer - kafka-secondary-consumer-group: partitions assigned: [mayur-test-0, mayur-test-1, mayur-test-2]
2026-04-18 03:53:57.853 [org.springframework.kafka.KafkaListenerEndpointContainer#0-0-C-1] INFO  o.s.k.l.KafkaMessageListenerContainer - kafka-consumer-group: partitions assigned: [mayur-test-2]
2026-04-18 03:53:57.863 [org.springframework.kafka.KafkaListenerEndpointContainer#2-0-C-1] INFO  o.s.k.l.KafkaMessageListenerContainer - kafka-consumer-group: partitions assigned: [mayur-test-0, mayur-test-1]
2026-04-18 03:54:15.358 [org.springframework.kafka.KafkaListenerEndpointContainer#1-0-C-1] INFO  c.m.l.KafkaSecondaryConsumerListener - ✓ [SECONDARY] Message received: I am glad you are receiving messages
2026-04-18 03:54:15.358 [org.springframework.kafka.KafkaListenerEndpointContainer#2-0-C-1] INFO  c.m.l.KafkaTertiaryConsumerListener - ✓ [TERTIARY] Message received: I am glad you are receiving messages
2026-04-18 03:54:16.419 [org.springframework.kafka.KafkaListenerEndpointContainer#2-0-C-1] INFO  c.m.l.KafkaTertiaryConsumerListener - ✓ [TERTIARY] Message received: I am glad you are receiving messages
2026-04-18 03:54:16.427 [org.springframework.kafka.KafkaListenerEndpointContainer#1-0-C-1] INFO  c.m.l.KafkaSecondaryConsumerListener - ✓ [SECONDARY] Message received: I am glad you are receiving messages
2026-04-18 03:54:17.282 [org.springframework.kafka.KafkaListenerEndpointContainer#2-0-C-1] INFO  c.m.l.KafkaTertiaryConsumerListener - ✓ [TERTIARY] Message received: I am glad you are receiving messages
2026-04-18 03:54:17.282 [org.springframework.kafka.KafkaListenerEndpointContainer#1-0-C-1] INFO  c.m.l.KafkaSecondaryConsumerListener - ✓ [SECONDARY] Message received: I am glad you are receiving messages
2026-04-18 03:54:17.762 [org.springframework.kafka.KafkaListenerEndpointContainer#1-0-C-1] INFO  c.m.l.KafkaSecondaryConsumerListener - ✓ [SECONDARY] Message received: I am glad you are receiving messages
2026-04-18 03:54:17.761 [org.springframework.kafka.KafkaListenerEndpointContainer#2-0-C-1] INFO  c.m.l.KafkaTertiaryConsumerListener - ✓ [TERTIARY] Message received: I am glad you are receiving messages
2026-04-18 03:54:18.999 [org.springframework.kafka.KafkaListenerEndpointContainer#2-0-C-1] INFO  c.m.l.KafkaTertiaryConsumerListener - ✓ [TERTIARY] Message received: I am glad you are receiving messages
2026-04-18 03:54:19.015 [org.springframework.kafka.KafkaListenerEndpointContainer#1-0-C-1] INFO  c.m.l.KafkaSecondaryConsumerListener - ✓ [SECONDARY] Message received: I am glad you are receiving messages
2026-04-18 03:54:19.716 [org.springframework.kafka.KafkaListenerEndpointContainer#2-0-C-1] INFO  c.m.l.KafkaTertiaryConsumerListener - ✓ [TERTIARY] Message received: I am glad you are receiving messages
2026-04-18 03:54:19.716 [org.springframework.kafka.KafkaListenerEndpointContainer#1-0-C-1] INFO  c.m.l.KafkaSecondaryConsumerListener - ✓ [SECONDARY] Message received: I am glad you are receiving messages
2026-04-18 03:54:20.206 [org.springframework.kafka.KafkaListenerEndpointContainer#2-0-C-1] INFO  c.m.l.KafkaTertiaryConsumerListener - ✓ [TERTIARY] Message received: I am glad you are receiving messages
2026-04-18 03:54:20.209 [org.springframework.kafka.KafkaListenerEndpointContainer#1-0-C-1] INFO  c.m.l.KafkaSecondaryConsumerListener - ✓ [SECONDARY] Message received: I am glad you are receiving messages
2026-04-18 03:54:20.678 [org.springframework.kafka.KafkaListenerEndpointContainer#1-0-C-1] INFO  c.m.l.KafkaSecondaryConsumerListener - ✓ [SECONDARY] Message received: I am glad you are receiving messages
2026-04-18 03:54:20.679 [org.springframework.kafka.KafkaListenerEndpointContainer#2-0-C-1] INFO  c.m.l.KafkaTertiaryConsumerListener - ✓ [TERTIARY] Message received: I am glad you are receiving messages
2026-04-18 03:54:21.160 [org.springframework.kafka.KafkaListenerEndpointContainer#1-0-C-1] INFO  c.m.l.KafkaSecondaryConsumerListener - ✓ [SECONDARY] Message received: I am glad you are receiving messages
2026-04-18 03:54:21.162 [org.springframework.kafka.KafkaListenerEndpointContainer#2-0-C-1] INFO  c.m.l.KafkaTertiaryConsumerListener - ✓ [TERTIARY] Message received: I am glad you are receiving messages
2026-04-18 03:54:21.792 [org.springframework.kafka.KafkaListenerEndpointContainer#2-0-C-1] INFO  c.m.l.KafkaTertiaryConsumerListener - ✓ [TERTIARY] Message received: I am glad you are receiving messages
2026-04-18 03:54:21.792 [org.springframework.kafka.KafkaListenerEndpointContainer#1-0-C-1] INFO  c.m.l.KafkaSecondaryConsumerListener - ✓ [SECONDARY] Message received: I am glad you are receiving messages
2026-04-18 03:54:22.342 [org.springframework.kafka.KafkaListenerEndpointContainer#2-0-C-1] INFO  c.m.l.KafkaTertiaryConsumerListener - ✓ [TERTIARY] Message received: I am glad you are receiving messages
2026-04-18 03:54:22.342 [org.springframework.kafka.KafkaListenerEndpointContainer#1-0-C-1] INFO  c.m.l.KafkaSecondaryConsumerListener - ✓ [SECONDARY] Message received: I am glad you are receiving messages
2026-04-18 03:54:22.993 [org.springframework.kafka.KafkaListenerEndpointContainer#2-0-C-1] INFO  c.m.l.KafkaTertiaryConsumerListener - ✓ [TERTIARY] Message received: I am glad you are receiving messages
2026-04-18 03:54:22.993 [org.springframework.kafka.KafkaListenerEndpointContainer#1-0-C-1] INFO  c.m.l.KafkaSecondaryConsumerListener - ✓ [SECONDARY] Message received: I am glad you are receiving messages
2026-04-18 03:54:23.577 [org.springframework.kafka.KafkaListenerEndpointContainer#2-0-C-1] INFO  c.m.l.KafkaTertiaryConsumerListener - ✓ [TERTIARY] Message received: I am glad you are receiving messages
2026-04-18 03:54:23.577 [org.springframework.kafka.KafkaListenerEndpointContainer#1-0-C-1] INFO  c.m.l.KafkaSecondaryConsumerListener - ✓ [SECONDARY] Message received: I am glad you are receiving messages
2026-04-18 03:54:24.126 [org.springframework.kafka.KafkaListenerEndpointContainer#1-0-C-1] INFO  c.m.l.KafkaSecondaryConsumerListener - ✓ [SECONDARY] Message received: I am glad you are receiving messages
2026-04-18 03:54:24.126 [org.springframework.kafka.KafkaListenerEndpointContainer#2-0-C-1] INFO  c.m.l.KafkaTertiaryConsumerListener - ✓ [TERTIARY] Message received: I am glad you are receiving messages
2026-04-18 03:54:24.727 [org.springframework.kafka.KafkaListenerEndpointContainer#2-0-C-1] INFO  c.m.l.KafkaTertiaryConsumerListener - ✓ [TERTIARY] Message received: I am glad you are receiving messages
2026-04-18 03:54:24.727 [org.springframework.kafka.KafkaListenerEndpointContainer#1-0-C-1] INFO  c.m.l.KafkaSecondaryConsumerListener - ✓ [SECONDARY] Message received: I am glad you are receiving messages
2026-04-18 03:54:25.308 [org.springframework.kafka.KafkaListenerEndpointContainer#1-0-C-1] INFO  c.m.l.KafkaSecondaryConsumerListener - ✓ [SECONDARY] Message received: I am glad you are receiving messages
2026-04-18 03:54:25.311 [org.springframework.kafka.KafkaListenerEndpointContainer#2-0-C-1] INFO  c.m.l.KafkaTertiaryConsumerListener - ✓ [TERTIARY] Message received: I am glad you are receiving messages
2026-04-18 03:54:25.886 [org.springframework.kafka.KafkaListenerEndpointContainer#2-0-C-1] INFO  c.m.l.KafkaTertiaryConsumerListener - ✓ [TERTIARY] Message received: I am glad you are receiving messages
2026-04-18 03:54:25.886 [org.springframework.kafka.KafkaListenerEndpointContainer#1-0-C-1] INFO  c.m.l.KafkaSecondaryConsumerListener - ✓ [SECONDARY] Message received: I am glad you are receiving messages
2026-04-18 03:54:26.474 [org.springframework.kafka.KafkaListenerEndpointContainer#1-0-C-1] INFO  c.m.l.KafkaSecondaryConsumerListener - ✓ [SECONDARY] Message received: I am glad you are receiving messages
2026-04-18 03:54:26.474 [org.springframework.kafka.KafkaListenerEndpointContainer#2-0-C-1] INFO  c.m.l.KafkaTertiaryConsumerListener - ✓ [TERTIARY] Message received: I am glad you are receiving messages
2026-04-18 03:54:26.976 [org.springframework.kafka.KafkaListenerEndpointContainer#2-0-C-1] INFO  c.m.l.KafkaTertiaryConsumerListener - ✓ [TERTIARY] Message received: I am glad you are receiving messages
2026-04-18 03:54:26.977 [org.springframework.kafka.KafkaListenerEndpointContainer#1-0-C-1] INFO  c.m.l.KafkaSecondaryConsumerListener - ✓ [SECONDARY] Message received: I am glad you are receiving messages
2026-04-18 03:54:27.556 [org.springframework.kafka.KafkaListenerEndpointContainer#2-0-C-1] INFO  c.m.l.KafkaTertiaryConsumerListener - ✓ [TERTIARY] Message received: I am glad you are receiving messages
2026-04-18 03:54:27.557 [org.springframework.kafka.KafkaListenerEndpointContainer#1-0-C-1] INFO  c.m.l.KafkaSecondaryConsumerListener - ✓ [SECONDARY] Message received: I am glad you are receiving messages
2026-04-18 03:54:28.173 [org.springframework.kafka.KafkaListenerEndpointContainer#1-0-C-1] INFO  c.m.l.KafkaSecondaryConsumerListener - ✓ [SECONDARY] Message received: I am glad you are receiving messages
2026-04-18 03:54:28.174 [org.springframework.kafka.KafkaListenerEndpointContainer#2-0-C-1] INFO  c.m.l.KafkaTertiaryConsumerListener - ✓ [TERTIARY] Message received: I am glad you are receiving messages
2026-04-18 03:54:28.804 [org.springframework.kafka.KafkaListenerEndpointContainer#1-0-C-1] INFO  c.m.l.KafkaSecondaryConsumerListener - ✓ [SECONDARY] Message received: I am glad you are receiving messages
2026-04-18 03:54:28.806 [org.springframework.kafka.KafkaListenerEndpointContainer#2-0-C-1] INFO  c.m.l.KafkaTertiaryConsumerListener - ✓ [TERTIARY] Message received: I am glad you are receiving messages
2026-04-18 03:54:29.312 [org.springframework.kafka.KafkaListenerEndpointContainer#1-0-C-1] INFO  c.m.l.KafkaSecondaryConsumerListener - ✓ [SECONDARY] Message received: I am glad you are receiving messages
2026-04-18 03:54:29.315 [org.springframework.kafka.KafkaListenerEndpointContainer#2-0-C-1] INFO  c.m.l.KafkaTertiaryConsumerListener - ✓ [TERTIARY] Message received: I am glad you are receiving messages
2026-04-18 03:54:57.071 [org.springframework.kafka.KafkaListenerEndpointContainer#2-0-C-1] INFO  c.m.l.KafkaTertiaryConsumerListener - ✓ [TERTIARY] Message received: I am glad you are receiving messages
2026-04-18 03:54:57.071 [org.springframework.kafka.KafkaListenerEndpointContainer#1-0-C-1] INFO  c.m.l.KafkaSecondaryConsumerListener - ✓ [SECONDARY] Message received: I am glad you are receiving messages
2026-04-18 03:54:57.636 [org.springframework.kafka.KafkaListenerEndpointContainer#1-0-C-1] INFO  c.m.l.KafkaSecondaryConsumerListener - ✓ [SECONDARY] Message received: I am glad you are receiving messages
2026-04-18 03:54:57.636 [org.springframework.kafka.KafkaListenerEndpointContainer#2-0-C-1] INFO  c.m.l.KafkaTertiaryConsumerListener - ✓ [TERTIARY] Message received: I am glad you are receiving messages
2026-04-18 03:54:58.163 [org.springframework.kafka.KafkaListenerEndpointContainer#2-0-C-1] INFO  c.m.l.KafkaTertiaryConsumerListener - ✓ [TERTIARY] Message received: I am glad you are receiving messages
2026-04-18 03:54:58.163 [org.springframework.kafka.KafkaListenerEndpointContainer#1-0-C-1] INFO  c.m.l.KafkaSecondaryConsumerListener - ✓ [SECONDARY] Message received: I am glad you are receiving messages
2026-04-18 03:54:58.658 [org.springframework.kafka.KafkaListenerEndpointContainer#1-0-C-1] INFO  c.m.l.KafkaSecondaryConsumerListener - ✓ [SECONDARY] Message received: I am glad you are receiving messages
2026-04-18 03:54:58.662 [org.springframework.kafka.KafkaListenerEndpointContainer#2-0-C-1] INFO  c.m.l.KafkaTertiaryConsumerListener - ✓ [TERTIARY] Message received: I am glad you are receiving messages
2026-04-18 03:54:59.292 [org.springframework.kafka.KafkaListenerEndpointContainer#1-0-C-1] INFO  c.m.l.KafkaSecondaryConsumerListener - ✓ [SECONDARY] Message received: I am glad you are receiving messages
2026-04-18 03:54:59.298 [org.springframework.kafka.KafkaListenerEndpointContainer#2-0-C-1] INFO  c.m.l.KafkaTertiaryConsumerListener - ✓ [TERTIARY] Message received: I am glad you are receiving messages
2026-04-18 03:54:59.850 [org.springframework.kafka.KafkaListenerEndpointContainer#1-0-C-1] INFO  c.m.l.KafkaSecondaryConsumerListener - ✓ [SECONDARY] Message received: I am glad you are receiving messages
2026-04-18 03:54:59.850 [org.springframework.kafka.KafkaListenerEndpointContainer#2-0-C-1] INFO  c.m.l.KafkaTertiaryConsumerListener - ✓ [TERTIARY] Message received: I am glad you are receiving messages
2026-04-18 03:55:00.387 [org.springframework.kafka.KafkaListenerEndpointContainer#2-0-C-1] INFO  c.m.l.KafkaTertiaryConsumerListener - ✓ [TERTIARY] Message received: I am glad you are receiving messages
2026-04-18 03:55:00.387 [org.springframework.kafka.KafkaListenerEndpointContainer#1-0-C-1] INFO  c.m.l.KafkaSecondaryConsumerListener - ✓ [SECONDARY] Message received: I am glad you are receiving messages
2026-04-18 03:55:00.966 [org.springframework.kafka.KafkaListenerEndpointContainer#1-0-C-1] INFO  c.m.l.KafkaSecondaryConsumerListener - ✓ [SECONDARY] Message received: I am glad you are receiving messages
2026-04-18 03:55:00.966 [org.springframework.kafka.KafkaListenerEndpointContainer#2-0-C-1] INFO  c.m.l.KafkaTertiaryConsumerListener - ✓ [TERTIARY] Message received: I am glad you are receiving messages
2026-04-18 03:55:01.418 [org.springframework.kafka.KafkaListenerEndpointContainer#1-0-C-1] INFO  c.m.l.KafkaSecondaryConsumerListener - ✓ [SECONDARY] Message received: I am glad you are receiving messages
2026-04-18 03:55:01.419 [org.springframework.kafka.KafkaListenerEndpointContainer#2-0-C-1] INFO  c.m.l.KafkaTertiaryConsumerListener - ✓ [TERTIARY] Message received: I am glad you are receiving messages
2026-04-18 03:55:06.757 [org.springframework.kafka.KafkaListenerEndpointContainer#2-0-C-1] INFO  c.m.l.KafkaTertiaryConsumerListener - ✓ [TERTIARY] Message received: I am glad you are receiving messages
2026-04-18 03:55:06.757 [org.springframework.kafka.KafkaListenerEndpointContainer#1-0-C-1] INFO  c.m.l.KafkaSecondaryConsumerListener - ✓ [SECONDARY] Message received: I am glad you are receiving messages
2026-04-18 03:55:07.312 [org.springframework.kafka.KafkaListenerEndpointContainer#1-0-C-1] INFO  c.m.l.KafkaSecondaryConsumerListener - ✓ [SECONDARY] Message received: I am glad you are receiving messages
2026-04-18 03:55:07.312 [org.springframework.kafka.KafkaListenerEndpointContainer#2-0-C-1] INFO  c.m.l.KafkaTertiaryConsumerListener - ✓ [TERTIARY] Message received: I am glad you are receiving messages
2026-04-18 03:55:07.910 [org.springframework.kafka.KafkaListenerEndpointContainer#2-0-C-1] INFO  c.m.l.KafkaTertiaryConsumerListener - ✓ [TERTIARY] Message received: I am glad you are receiving messages
2026-04-18 03:55:07.910 [org.springframework.kafka.KafkaListenerEndpointContainer#1-0-C-1] INFO  c.m.l.KafkaSecondaryConsumerListener - ✓ [SECONDARY] Message received: I am glad you are receiving messages
2026-04-18 03:55:08.432 [org.springframework.kafka.KafkaListenerEndpointContainer#1-0-C-1] INFO  c.m.l.KafkaSecondaryConsumerListener - ✓ [SECONDARY] Message received: I am glad you are receiving messages
2026-04-18 03:55:08.432 [org.springframework.kafka.KafkaListenerEndpointContainer#2-0-C-1] INFO  c.m.l.KafkaTertiaryConsumerListener - ✓ [TERTIARY] Message received: I am glad you are receiving messages
2026-04-18 03:55:09.032 [org.springframework.kafka.KafkaListenerEndpointContainer#1-0-C-1] INFO  c.m.l.KafkaSecondaryConsumerListener - ✓ [SECONDARY] Message received: I am glad you are receiving messages
2026-04-18 03:55:09.032 [org.springframework.kafka.KafkaListenerEndpointContainer#2-0-C-1] INFO  c.m.l.KafkaTertiaryConsumerListener - ✓ [TERTIARY] Message received: I am glad you are receiving messages
2026-04-18 03:55:09.583 [org.springframework.kafka.KafkaListenerEndpointContainer#1-0-C-1] INFO  c.m.l.KafkaSecondaryConsumerListener - ✓ [SECONDARY] Message received: I am glad you are receiving messages
2026-04-18 03:55:09.584 [org.springframework.kafka.KafkaListenerEndpointContainer#2-0-C-1] INFO  c.m.l.KafkaTertiaryConsumerListener - ✓ [TERTIARY] Message received: I am glad you are receiving messages
2026-04-18 03:55:10.453 [org.springframework.kafka.KafkaListenerEndpointContainer#2-0-C-1] INFO  c.m.l.KafkaTertiaryConsumerListener - ✓ [TERTIARY] Message received: I am glad you are receiving messages
2026-04-18 03:55:10.454 [org.springframework.kafka.KafkaListenerEndpointContainer#1-0-C-1] INFO  c.m.l.KafkaSecondaryConsumerListener - ✓ [SECONDARY] Message received: I am glad you are receiving messages
2026-04-18 03:55:11.018 [org.springframework.kafka.KafkaListenerEndpointContainer#2-0-C-1] INFO  c.m.l.KafkaTertiaryConsumerListener - ✓ [TERTIARY] Message received: I am glad you are receiving messages
2026-04-18 03:55:11.019 [org.springframework.kafka.KafkaListenerEndpointContainer#1-0-C-1] INFO  c.m.l.KafkaSecondaryConsumerListener - ✓ [SECONDARY] Message received: I am glad you are receiving messages
2026-04-18 03:55:11.733 [org.springframework.kafka.KafkaListenerEndpointContainer#1-0-C-1] INFO  c.m.l.KafkaSecondaryConsumerListener - ✓ [SECONDARY] Message received: I am glad you are receiving messages
2026-04-18 03:55:11.733 [org.springframework.kafka.KafkaListenerEndpointContainer#2-0-C-1] INFO  c.m.l.KafkaTertiaryConsumerListener - ✓ [TERTIARY] Message received: I am glad you are receiving messages
2026-04-18 03:55:12.298 [org.springframework.kafka.KafkaListenerEndpointContainer#2-0-C-1] INFO  c.m.l.KafkaTertiaryConsumerListener - ✓ [TERTIARY] Message received: I am glad you are receiving messages
2026-04-18 03:55:12.298 [org.springframework.kafka.KafkaListenerEndpointContainer#1-0-C-1] INFO  c.m.l.KafkaSecondaryConsumerListener - ✓ [SECONDARY] Message received: I am glad you are receiving messages
2026-04-18 03:55:12.769 [org.springframework.kafka.KafkaListenerEndpointContainer#1-0-C-1] INFO  c.m.l.KafkaSecondaryConsumerListener - ✓ [SECONDARY] Message received: I am glad you are receiving messages
2026-04-18 03:55:12.769 [org.springframework.kafka.KafkaListenerEndpointContainer#2-0-C-1] INFO  c.m.l.KafkaTertiaryConsumerListener - ✓ [TERTIARY] Message received: I am glad you are receiving messages
2026-04-18 03:55:13.292 [org.springframework.kafka.KafkaListenerEndpointContainer#2-0-C-1] INFO  c.m.l.KafkaTertiaryConsumerListener - ✓ [TERTIARY] Message received: I am glad you are receiving messages
2026-04-18 03:55:13.292 [org.springframework.kafka.KafkaListenerEndpointContainer#1-0-C-1] INFO  c.m.l.KafkaSecondaryConsumerListener - ✓ [SECONDARY] Message received: I am glad you are receiving messages
2026-04-18 03:55:13.718 [org.springframework.kafka.KafkaListenerEndpointContainer#1-0-C-1] INFO  c.m.l.KafkaSecondaryConsumerListener - ✓ [SECONDARY] Message received: I am glad you are receiving messages
2026-04-18 03:55:13.719 [org.springframework.kafka.KafkaListenerEndpointContainer#2-0-C-1] INFO  c.m.l.KafkaTertiaryConsumerListener - ✓ [TERTIARY] Message received: I am glad you are receiving messages
2026-04-18 03:55:14.205 [org.springframework.kafka.KafkaListenerEndpointContainer#2-0-C-1] INFO  c.m.l.KafkaTertiaryConsumerListener - ✓ [TERTIARY] Message received: I am glad you are receiving messages
2026-04-18 03:55:14.205 [org.springframework.kafka.KafkaListenerEndpointContainer#1-0-C-1] INFO  c.m.l.KafkaSecondaryConsumerListener - ✓ [SECONDARY] Message received: I am glad you are receiving messages
2026-04-18 03:55:14.785 [org.springframework.kafka.KafkaListenerEndpointContainer#2-0-C-1] INFO  c.m.l.KafkaTertiaryConsumerListener - ✓ [TERTIARY] Message received: I am glad you are receiving messages
2026-04-18 03:55:14.785 [org.springframework.kafka.KafkaListenerEndpointContainer#1-0-C-1] INFO  c.m.l.KafkaSecondaryConsumerListener - ✓ [SECONDARY] Message received: I am glad you are receiving messages
2026-04-18 03:55:15.318 [org.springframework.kafka.KafkaListenerEndpointContainer#2-0-C-1] INFO  c.m.l.KafkaTertiaryConsumerListener - ✓ [TERTIARY] Message received: I am glad you are receiving messages
2026-04-18 03:55:15.318 [org.springframework.kafka.KafkaListenerEndpointContainer#1-0-C-1] INFO  c.m.l.KafkaSecondaryConsumerListener - ✓ [SECONDARY] Message received: I am glad you are receiving messages
2026-04-18 03:55:15.905 [org.springframework.kafka.KafkaListenerEndpointContainer#2-0-C-1] INFO  c.m.l.KafkaTertiaryConsumerListener - ✓ [TERTIARY] Message received: I am glad you are receiving messages
2026-04-18 03:55:15.907 [org.springframework.kafka.KafkaListenerEndpointContainer#1-0-C-1] INFO  c.m.l.KafkaSecondaryConsumerListener - ✓ [SECONDARY] Message received: I am glad you are receiving messages
2026-04-18 03:55:16.390 [org.springframework.kafka.KafkaListenerEndpointContainer#2-0-C-1] INFO  c.m.l.KafkaTertiaryConsumerListener - ✓ [TERTIARY] Message received: I am glad you are receiving messages
2026-04-18 03:55:16.390 [org.springframework.kafka.KafkaListenerEndpointContainer#1-0-C-1] INFO  c.m.l.KafkaSecondaryConsumerListener - ✓ [SECONDARY] Message received: I am glad you are receiving messages
2026-04-18 03:55:16.998 [org.springframework.kafka.KafkaListenerEndpointContainer#2-0-C-1] INFO  c.m.l.KafkaTertiaryConsumerListener - ✓ [TERTIARY] Message received: I am glad you are receiving messages
2026-04-18 03:55:17.000 [org.springframework.kafka.KafkaListenerEndpointContainer#1-0-C-1] INFO  c.m.l.KafkaSecondaryConsumerListener - ✓ [SECONDARY] Message received: I am glad you are receiving messages
2026-04-18 03:55:17.498 [org.springframework.kafka.KafkaListenerEndpointContainer#1-0-C-1] INFO  c.m.l.KafkaSecondaryConsumerListener - ✓ [SECONDARY] Message received: I am glad you are receiving messages
2026-04-18 03:55:17.500 [org.springframework.kafka.KafkaListenerEndpointContainer#2-0-C-1] INFO  c.m.l.KafkaTertiaryConsumerListener - ✓ [TERTIARY] Message received: I am glad you are receiving messages
2026-04-18 03:55:18.100 [org.springframework.kafka.KafkaListenerEndpointContainer#1-0-C-1] INFO  c.m.l.KafkaSecondaryConsumerListener - ✓ [SECONDARY] Message received: I am glad you are receiving messages
2026-04-18 03:55:18.100 [org.springframework.kafka.KafkaListenerEndpointContainer#2-0-C-1] INFO  c.m.l.KafkaTertiaryConsumerListener - ✓ [TERTIARY] Message received: I am glad you are receiving messages
2026-04-18 03:55:18.617 [org.springframework.kafka.KafkaListenerEndpointContainer#1-0-C-1] INFO  c.m.l.KafkaSecondaryConsumerListener - ✓ [SECONDARY] Message received: I am glad you are receiving messages
2026-04-18 03:55:18.617 [org.springframework.kafka.KafkaListenerEndpointContainer#2-0-C-1] INFO  c.m.l.KafkaTertiaryConsumerListener - ✓ [TERTIARY] Message received: I am glad you are receiving messages
2026-04-18 03:55:50.363 [org.springframework.kafka.KafkaListenerEndpointContainer#2-0-C-1] INFO  o.s.k.l.KafkaMessageListenerContainer - kafka-consumer-group: partitions revoked: [mayur-test-0, mayur-test-1]
2026-04-18 03:55:50.365 [org.springframework.kafka.KafkaListenerEndpointContainer#0-0-C-1] INFO  o.s.k.l.KafkaMessageListenerContainer - kafka-consumer-group: partitions revoked: [mayur-test-2]
2026-04-18 03:55:50.366 [org.springframework.kafka.KafkaListenerEndpointContainer#1-0-C-1] INFO  o.s.k.l.KafkaMessageListenerContainer - kafka-secondary-consumer-group: partitions revoked: [mayur-test-0, mayur-test-1, mayur-test-2]
2026-04-18 03:55:50.391 [org.springframework.kafka.KafkaListenerEndpointContainer#2-0-C-1] INFO  o.s.k.l.KafkaMessageListenerContainer - kafka-consumer-group: Consumer stopped
2026-04-18 03:55:50.391 [org.springframework.kafka.KafkaListenerEndpointContainer#1-0-C-1] INFO  o.s.k.l.KafkaMessageListenerContainer - kafka-secondary-consumer-group: Consumer stopped
2026-04-18 03:55:50.499 [org.springframework.kafka.KafkaListenerEndpointContainer#0-0-C-1] INFO  o.s.k.l.KafkaMessageListenerContainer - kafka-consumer-group: Consumer stopped
2026-04-18 23:29:07.916 [main] INFO  com.mm.KafkaConsumerApplication - Starting KafkaConsumerApplication using Java 20 with PID 24196 (C:\Users\shubh\IdeaProjects\kafka-learning\kafka-consumer\target\classes started by shubh in C:\Users\shubh\IdeaProjects\kafka-learning)
2026-04-18 23:29:07.919 [main] INFO  com.mm.KafkaConsumerApplication - No active profile set, falling back to 1 default profile: "default"
2026-04-18 23:29:09.075 [main] INFO  o.s.b.w.e.tomcat.TomcatWebServer - Tomcat initialized with port 8081 (http)
2026-04-18 23:29:09.086 [main] INFO  o.a.coyote.http11.Http11NioProtocol - Initializing ProtocolHandler ["http-nio-8081"]
2026-04-18 23:29:09.088 [main] INFO  o.a.catalina.core.StandardService - Starting service [Tomcat]
2026-04-18 23:29:09.089 [main] INFO  o.a.catalina.core.StandardEngine - Starting Servlet engine: [Apache Tomcat/10.1.16]
2026-04-18 23:29:09.160 [main] INFO  o.a.c.c.C.[Tomcat].[localhost].[/] - Initializing Spring embedded WebApplicationContext
2026-04-18 23:29:09.161 [main] INFO  o.s.b.w.s.c.ServletWebServerApplicationContext - Root WebApplicationContext: initialization completed in 1182 ms
2026-04-18 23:29:09.797 [main] INFO  o.a.coyote.http11.Http11NioProtocol - Starting ProtocolHandler ["http-nio-8081"]
2026-04-18 23:29:09.831 [main] INFO  o.s.b.w.e.tomcat.TomcatWebServer - Tomcat started on port 8081 (http) with context path ''
2026-04-18 23:29:10.145 [main] INFO  com.mm.KafkaConsumerApplication - Started KafkaConsumerApplication in 2.986 seconds (process running for 3.464)
2026-04-18 23:29:13.624 [org.springframework.kafka.KafkaListenerEndpointContainer#1-0-C-1] INFO  o.s.k.l.KafkaMessageListenerContainer - kafka-secondary-consumer-group: partitions assigned: [mayur-test-0, mayur-test-1, mayur-test-2]
2026-04-18 23:29:13.673 [org.springframework.kafka.KafkaListenerEndpointContainer#1-0-C-1] INFO  c.m.l.KafkaSecondaryConsumerListener - ✓ [SECONDARY] Message received: I am glad you are receiving messages
2026-04-18 23:29:16.570 [org.springframework.kafka.KafkaListenerEndpointContainer#0-0-C-1] INFO  o.s.k.l.KafkaMessageListenerContainer - kafka-consumer-group: partitions assigned: [mayur-test-2]
2026-04-18 23:29:16.580 [org.springframework.kafka.KafkaListenerEndpointContainer#2-0-C-1] INFO  o.s.k.l.KafkaMessageListenerContainer - kafka-consumer-group: partitions assigned: [mayur-test-0, mayur-test-1]
2026-04-18 23:29:16.583 [org.springframework.kafka.KafkaListenerEndpointContainer#0-0-C-1] INFO  c.mm.listener.KafkaConsumerListener - ✓ Message received: I am glad you are receiving messages
